2023-03-23 09:36:41,912 INFO    StreamThr :157213 [internal.py:wandb_internal():87] W&B internal server running at pid: 157213, started at: 2023-03-23 09:36:41.910120
2023-03-23 09:36:41,920 DEBUG   HandlerThread:157213 [handler.py:handle_request():144] handle_request: status
2023-03-23 09:36:41,926 INFO    WriterThread:157213 [datastore.py:open_for_write():85] open: /home/tcotts/Documents/uni-work/year4/DMA/cw/wandb/run-20230323_093636-2g8phaxt/run-2g8phaxt.wandb
2023-03-23 09:36:41,927 DEBUG   SenderThread:157213 [sender.py:send():336] send: header
2023-03-23 09:36:41,927 DEBUG   SenderThread:157213 [sender.py:send():336] send: run
2023-03-23 09:36:42,485 INFO    SenderThread:157213 [dir_watcher.py:__init__():219] watching files in: /home/tcotts/Documents/uni-work/year4/DMA/cw/wandb/run-20230323_093636-2g8phaxt/files
2023-03-23 09:36:42,486 INFO    SenderThread:157213 [sender.py:_start_run_threads():1078] run started: 2g8phaxt with start time 1679564200.956958
2023-03-23 09:36:42,486 DEBUG   SenderThread:157213 [sender.py:send_request():363] send_request: summary_record
2023-03-23 09:36:42,486 INFO    SenderThread:157213 [sender.py:_save_file():1332] saving file wandb-summary.json with policy end
2023-03-23 09:36:42,493 DEBUG   HandlerThread:157213 [handler.py:handle_request():144] handle_request: check_version
2023-03-23 09:36:42,493 DEBUG   SenderThread:157213 [sender.py:send_request():363] send_request: check_version
2023-03-23 09:36:42,591 DEBUG   HandlerThread:157213 [handler.py:handle_request():144] handle_request: run_start
2023-03-23 09:36:42,593 DEBUG   HandlerThread:157213 [system_info.py:__init__():31] System info init
2023-03-23 09:36:42,593 DEBUG   HandlerThread:157213 [system_info.py:__init__():46] System info init done
2023-03-23 09:36:42,593 INFO    HandlerThread:157213 [system_monitor.py:start():183] Starting system monitor
2023-03-23 09:36:42,593 INFO    SystemMonitor:157213 [system_monitor.py:_start():147] Starting system asset monitoring threads
2023-03-23 09:36:42,594 INFO    HandlerThread:157213 [system_monitor.py:probe():204] Collecting system info
2023-03-23 09:36:42,594 INFO    SystemMonitor:157213 [interfaces.py:start():187] Started cpu monitoring
2023-03-23 09:36:42,595 INFO    SystemMonitor:157213 [interfaces.py:start():187] Started disk monitoring
2023-03-23 09:36:42,596 INFO    SystemMonitor:157213 [interfaces.py:start():187] Started memory monitoring
2023-03-23 09:36:42,597 INFO    SystemMonitor:157213 [interfaces.py:start():187] Started network monitoring
2023-03-23 09:36:42,623 DEBUG   HandlerThread:157213 [system_info.py:probe():195] Probing system
2023-03-23 09:36:42,625 DEBUG   HandlerThread:157213 [system_info.py:_probe_git():180] Probing git
2023-03-23 09:36:42,669 DEBUG   HandlerThread:157213 [system_info.py:_probe_git():188] Probing git done
2023-03-23 09:36:42,669 DEBUG   HandlerThread:157213 [system_info.py:probe():240] Probing system done
2023-03-23 09:36:42,669 DEBUG   HandlerThread:157213 [system_monitor.py:probe():213] {'os': 'Linux-5.15.0-67-generic-x86_64-with-glibc2.29', 'python': '3.8.10', 'heartbeatAt': '2023-03-23T09:36:42.623385', 'startedAt': '2023-03-23T09:36:36.842028', 'docker': None, 'cuda': None, 'args': None, 'state': 'running', 'program': 'EDA_AND_Modelling.ipynb', 'root': '/home/tcotts/Documents/uni-work/year4/DMA/cw', 'git': {'remote': 'git@github.com:tomcotter7/dma-project.git', 'commit': 'eef2d15359f3d85dea26f0c57d4a4b2a8e2af762'}, 'email': 'thomascotter00@gmail.com', 'host': 'hpspectre', 'username': 'tcotts', 'executable': '/usr/bin/python3', 'cpu_count': 2, 'cpu_count_logical': 4, 'cpu_freq': {'current': 2.25575, 'min': 400.0, 'max': 3500.0}, 'cpu_freq_per_core': [{'current': 0.899, 'min': 400.0, 'max': 3500.0}, {'current': 2.9, 'min': 400.0, 'max': 3500.0}, {'current': 2.9, 'min': 400.0, 'max': 3500.0}, {'current': 2.9, 'min': 400.0, 'max': 3500.0}], 'disk': {'total': 274.97378158569336, 'used': 257.91313552856445}, 'memory': {'total': 15.508079528808594}}
2023-03-23 09:36:42,669 INFO    HandlerThread:157213 [system_monitor.py:probe():214] Finished collecting system info
2023-03-23 09:36:42,670 INFO    HandlerThread:157213 [system_monitor.py:probe():217] Publishing system info
2023-03-23 09:36:42,670 DEBUG   HandlerThread:157213 [system_info.py:_save_pip():51] Saving list of pip packages installed into the current environment
2023-03-23 09:36:42,671 DEBUG   HandlerThread:157213 [system_info.py:_save_pip():67] Saving pip packages done
2023-03-23 09:36:42,672 INFO    HandlerThread:157213 [system_monitor.py:probe():219] Finished publishing system info
2023-03-23 09:36:42,673 DEBUG   SenderThread:157213 [sender.py:send():336] send: files
2023-03-23 09:36:42,674 INFO    SenderThread:157213 [sender.py:_save_file():1332] saving file wandb-metadata.json with policy now
2023-03-23 09:36:42,697 DEBUG   HandlerThread:157213 [handler.py:handle_request():144] handle_request: stop_status
2023-03-23 09:36:42,699 DEBUG   SenderThread:157213 [sender.py:send_request():363] send_request: stop_status
2023-03-23 09:36:42,909 DEBUG   SenderThread:157213 [sender.py:send():336] send: telemetry
2023-03-23 09:36:43,330 INFO    wandb-upload_0:157213 [upload_job.py:push():138] Uploaded file /tmp/tmpjvu5fpcfwandb/7zim3srg-wandb-metadata.json
2023-03-23 09:36:43,487 INFO    Thread-49 :157213 [dir_watcher.py:_on_file_created():278] file/dir created: /home/tcotts/Documents/uni-work/year4/DMA/cw/wandb/run-20230323_093636-2g8phaxt/files/wandb-summary.json
2023-03-23 09:36:43,488 INFO    Thread-49 :157213 [dir_watcher.py:_on_file_created():278] file/dir created: /home/tcotts/Documents/uni-work/year4/DMA/cw/wandb/run-20230323_093636-2g8phaxt/files/requirements.txt
2023-03-23 09:36:43,488 INFO    Thread-49 :157213 [dir_watcher.py:_on_file_created():278] file/dir created: /home/tcotts/Documents/uni-work/year4/DMA/cw/wandb/run-20230323_093636-2g8phaxt/files/wandb-metadata.json
2023-03-23 09:36:47,910 DEBUG   HandlerThread:157213 [handler.py:handle_request():144] handle_request: status_report
2023-03-23 09:36:52,911 DEBUG   HandlerThread:157213 [handler.py:handle_request():144] handle_request: status_report
2023-03-23 09:36:57,694 DEBUG   HandlerThread:157213 [handler.py:handle_request():144] handle_request: stop_status
2023-03-23 09:36:57,694 DEBUG   SenderThread:157213 [sender.py:send_request():363] send_request: stop_status
2023-03-23 09:36:58,871 DEBUG   HandlerThread:157213 [handler.py:handle_request():144] handle_request: status_report
2023-03-23 09:37:03,873 DEBUG   HandlerThread:157213 [handler.py:handle_request():144] handle_request: status_report
2023-03-23 09:37:08,874 DEBUG   HandlerThread:157213 [handler.py:handle_request():144] handle_request: status_report
2023-03-23 09:37:12,695 DEBUG   HandlerThread:157213 [handler.py:handle_request():144] handle_request: stop_status
2023-03-23 09:37:12,697 DEBUG   SenderThread:157213 [sender.py:send_request():363] send_request: stop_status
2023-03-23 09:37:13,936 DEBUG   HandlerThread:157213 [handler.py:handle_request():144] handle_request: status_report
2023-03-23 09:37:14,501 INFO    Thread-49 :157213 [dir_watcher.py:_on_file_modified():295] file/dir modified: /home/tcotts/Documents/uni-work/year4/DMA/cw/wandb/run-20230323_093636-2g8phaxt/files/config.yaml
2023-03-23 09:37:19,159 DEBUG   HandlerThread:157213 [handler.py:handle_request():144] handle_request: status_report
2023-03-23 09:37:24,160 DEBUG   HandlerThread:157213 [handler.py:handle_request():144] handle_request: status_report
2023-03-23 09:37:27,695 DEBUG   HandlerThread:157213 [handler.py:handle_request():144] handle_request: stop_status
2023-03-23 09:37:27,696 DEBUG   SenderThread:157213 [sender.py:send_request():363] send_request: stop_status
2023-03-23 09:37:30,653 DEBUG   HandlerThread:157213 [handler.py:handle_request():144] handle_request: status_report
2023-03-23 09:37:35,654 DEBUG   HandlerThread:157213 [handler.py:handle_request():144] handle_request: status_report
2023-03-23 09:37:40,656 DEBUG   HandlerThread:157213 [handler.py:handle_request():144] handle_request: status_report
2023-03-23 09:37:42,598 DEBUG   SystemMonitor:157213 [system_monitor.py:_start():161] Starting system metrics aggregation loop
2023-03-23 09:37:42,601 DEBUG   SenderThread:157213 [sender.py:send():336] send: stats
2023-03-23 09:37:42,695 DEBUG   HandlerThread:157213 [handler.py:handle_request():144] handle_request: stop_status
2023-03-23 09:37:42,697 DEBUG   SenderThread:157213 [sender.py:send_request():363] send_request: stop_status
2023-03-23 09:37:45,951 DEBUG   HandlerThread:157213 [handler.py:handle_request():144] handle_request: status_report
2023-03-23 09:37:50,954 DEBUG   HandlerThread:157213 [handler.py:handle_request():144] handle_request: status_report
2023-03-23 09:37:55,955 DEBUG   HandlerThread:157213 [handler.py:handle_request():144] handle_request: status_report
2023-03-23 09:37:57,696 DEBUG   HandlerThread:157213 [handler.py:handle_request():144] handle_request: stop_status
2023-03-23 09:37:57,697 DEBUG   SenderThread:157213 [sender.py:send_request():363] send_request: stop_status
2023-03-23 09:38:01,110 DEBUG   HandlerThread:157213 [handler.py:handle_request():144] handle_request: status_report
2023-03-23 09:38:06,111 DEBUG   HandlerThread:157213 [handler.py:handle_request():144] handle_request: status_report
2023-03-23 09:38:11,112 DEBUG   HandlerThread:157213 [handler.py:handle_request():144] handle_request: status_report
2023-03-23 09:38:12,602 DEBUG   SenderThread:157213 [sender.py:send():336] send: stats
2023-03-23 09:38:12,696 DEBUG   HandlerThread:157213 [handler.py:handle_request():144] handle_request: stop_status
2023-03-23 09:38:12,697 DEBUG   SenderThread:157213 [sender.py:send_request():363] send_request: stop_status
2023-03-23 09:38:13,539 INFO    Thread-49 :157213 [dir_watcher.py:_on_file_created():278] file/dir created: /home/tcotts/Documents/uni-work/year4/DMA/cw/wandb/run-20230323_093636-2g8phaxt/files/output.log
2023-03-23 09:38:15,542 INFO    Thread-49 :157213 [dir_watcher.py:_on_file_modified():295] file/dir modified: /home/tcotts/Documents/uni-work/year4/DMA/cw/wandb/run-20230323_093636-2g8phaxt/files/output.log
2023-03-23 09:38:16,959 DEBUG   HandlerThread:157213 [handler.py:handle_request():144] handle_request: status_report
2023-03-23 09:38:21,961 DEBUG   HandlerThread:157213 [handler.py:handle_request():144] handle_request: status_report
2023-03-23 09:38:27,139 DEBUG   HandlerThread:157213 [handler.py:handle_request():144] handle_request: status_report
2023-03-23 09:38:27,550 INFO    Thread-49 :157213 [dir_watcher.py:_on_file_modified():295] file/dir modified: /home/tcotts/Documents/uni-work/year4/DMA/cw/wandb/run-20230323_093636-2g8phaxt/files/output.log
2023-03-23 09:38:27,696 DEBUG   HandlerThread:157213 [handler.py:handle_request():144] handle_request: stop_status
2023-03-23 09:38:27,697 DEBUG   SenderThread:157213 [sender.py:send_request():363] send_request: stop_status
2023-03-23 09:38:31,167 DEBUG   SenderThread:157213 [sender.py:send():336] send: exit
2023-03-23 09:38:31,168 INFO    SenderThread:157213 [sender.py:send_exit():559] handling exit code: 0
2023-03-23 09:38:31,168 INFO    SenderThread:157213 [sender.py:send_exit():561] handling runtime: 108
2023-03-23 09:38:31,170 INFO    SenderThread:157213 [sender.py:_save_file():1332] saving file wandb-summary.json with policy end
2023-03-23 09:38:31,171 INFO    SenderThread:157213 [sender.py:send_exit():567] send defer
2023-03-23 09:38:31,171 DEBUG   HandlerThread:157213 [handler.py:handle_request():144] handle_request: defer
2023-03-23 09:38:31,172 INFO    HandlerThread:157213 [handler.py:handle_request_defer():170] handle defer: 0
2023-03-23 09:38:31,173 DEBUG   SenderThread:157213 [sender.py:send_request():363] send_request: defer
2023-03-23 09:38:31,173 INFO    SenderThread:157213 [sender.py:send_request_defer():583] handle sender defer: 0
2023-03-23 09:38:31,173 INFO    SenderThread:157213 [sender.py:transition_state():587] send defer: 1
2023-03-23 09:38:31,174 DEBUG   HandlerThread:157213 [handler.py:handle_request():144] handle_request: defer
2023-03-23 09:38:31,175 INFO    HandlerThread:157213 [handler.py:handle_request_defer():170] handle defer: 1
2023-03-23 09:38:31,176 DEBUG   SenderThread:157213 [sender.py:send_request():363] send_request: defer
2023-03-23 09:38:31,176 INFO    SenderThread:157213 [sender.py:send_request_defer():583] handle sender defer: 1
2023-03-23 09:38:31,177 INFO    SenderThread:157213 [sender.py:transition_state():587] send defer: 2
2023-03-23 09:38:31,177 DEBUG   HandlerThread:157213 [handler.py:handle_request():144] handle_request: defer
2023-03-23 09:38:31,178 INFO    HandlerThread:157213 [handler.py:handle_request_defer():170] handle defer: 2
2023-03-23 09:38:31,178 INFO    HandlerThread:157213 [system_monitor.py:finish():193] Stopping system monitor
2023-03-23 09:38:31,179 DEBUG   SystemMonitor:157213 [system_monitor.py:_start():168] Finished system metrics aggregation loop
2023-03-23 09:38:31,180 DEBUG   SystemMonitor:157213 [system_monitor.py:_start():172] Publishing last batch of metrics
2023-03-23 09:38:31,185 INFO    HandlerThread:157213 [interfaces.py:finish():199] Joined cpu monitor
2023-03-23 09:38:31,186 INFO    HandlerThread:157213 [interfaces.py:finish():199] Joined disk monitor
2023-03-23 09:38:31,186 INFO    HandlerThread:157213 [interfaces.py:finish():199] Joined memory monitor
2023-03-23 09:38:31,187 INFO    HandlerThread:157213 [interfaces.py:finish():199] Joined network monitor
2023-03-23 09:38:31,189 DEBUG   SenderThread:157213 [sender.py:send_request():363] send_request: defer
2023-03-23 09:38:31,189 INFO    SenderThread:157213 [sender.py:send_request_defer():583] handle sender defer: 2
2023-03-23 09:38:31,190 INFO    SenderThread:157213 [sender.py:transition_state():587] send defer: 3
2023-03-23 09:38:31,190 DEBUG   SenderThread:157213 [sender.py:send():336] send: stats
2023-03-23 09:38:31,191 DEBUG   HandlerThread:157213 [handler.py:handle_request():144] handle_request: defer
2023-03-23 09:38:31,192 INFO    HandlerThread:157213 [handler.py:handle_request_defer():170] handle defer: 3
2023-03-23 09:38:31,193 DEBUG   SenderThread:157213 [sender.py:send_request():363] send_request: defer
2023-03-23 09:38:31,194 INFO    SenderThread:157213 [sender.py:send_request_defer():583] handle sender defer: 3
2023-03-23 09:38:31,194 INFO    SenderThread:157213 [sender.py:transition_state():587] send defer: 4
2023-03-23 09:38:31,195 DEBUG   HandlerThread:157213 [handler.py:handle_request():144] handle_request: defer
2023-03-23 09:38:31,195 INFO    HandlerThread:157213 [handler.py:handle_request_defer():170] handle defer: 4
2023-03-23 09:38:31,196 DEBUG   SenderThread:157213 [sender.py:send_request():363] send_request: defer
2023-03-23 09:38:31,196 INFO    SenderThread:157213 [sender.py:send_request_defer():583] handle sender defer: 4
2023-03-23 09:38:31,196 INFO    SenderThread:157213 [sender.py:transition_state():587] send defer: 5
2023-03-23 09:38:31,196 DEBUG   HandlerThread:157213 [handler.py:handle_request():144] handle_request: defer
2023-03-23 09:38:31,197 INFO    HandlerThread:157213 [handler.py:handle_request_defer():170] handle defer: 5
2023-03-23 09:38:31,198 DEBUG   SenderThread:157213 [sender.py:send():336] send: summary
2023-03-23 09:38:31,199 INFO    SenderThread:157213 [sender.py:_save_file():1332] saving file wandb-summary.json with policy end
2023-03-23 09:38:31,200 DEBUG   SenderThread:157213 [sender.py:send_request():363] send_request: defer
2023-03-23 09:38:31,200 INFO    SenderThread:157213 [sender.py:send_request_defer():583] handle sender defer: 5
2023-03-23 09:38:31,200 INFO    SenderThread:157213 [sender.py:transition_state():587] send defer: 6
2023-03-23 09:38:31,201 DEBUG   HandlerThread:157213 [handler.py:handle_request():144] handle_request: defer
2023-03-23 09:38:31,201 INFO    HandlerThread:157213 [handler.py:handle_request_defer():170] handle defer: 6
2023-03-23 09:38:31,201 DEBUG   SenderThread:157213 [sender.py:send_request():363] send_request: defer
2023-03-23 09:38:31,202 INFO    SenderThread:157213 [sender.py:send_request_defer():583] handle sender defer: 6
2023-03-23 09:38:31,202 INFO    SenderThread:157213 [sender.py:transition_state():587] send defer: 7
2023-03-23 09:38:31,202 DEBUG   HandlerThread:157213 [handler.py:handle_request():144] handle_request: status_report
2023-03-23 09:38:31,202 DEBUG   HandlerThread:157213 [handler.py:handle_request():144] handle_request: defer
2023-03-23 09:38:31,202 INFO    HandlerThread:157213 [handler.py:handle_request_defer():170] handle defer: 7
2023-03-23 09:38:31,203 DEBUG   SenderThread:157213 [sender.py:send_request():363] send_request: defer
2023-03-23 09:38:31,203 INFO    SenderThread:157213 [sender.py:send_request_defer():583] handle sender defer: 7
2023-03-23 09:38:31,554 INFO    Thread-49 :157213 [dir_watcher.py:_on_file_modified():295] file/dir modified: /home/tcotts/Documents/uni-work/year4/DMA/cw/wandb/run-20230323_093636-2g8phaxt/files/wandb-summary.json
2023-03-23 09:38:32,167 DEBUG   HandlerThread:157213 [handler.py:handle_request():144] handle_request: poll_exit
2023-03-23 09:38:32,981 INFO    SenderThread:157213 [sender.py:transition_state():587] send defer: 8
2023-03-23 09:38:32,981 DEBUG   SenderThread:157213 [sender.py:send_request():363] send_request: poll_exit
2023-03-23 09:38:32,982 DEBUG   HandlerThread:157213 [handler.py:handle_request():144] handle_request: defer
2023-03-23 09:38:32,982 INFO    HandlerThread:157213 [handler.py:handle_request_defer():170] handle defer: 8
2023-03-23 09:38:32,983 DEBUG   SenderThread:157213 [sender.py:send_request():363] send_request: defer
2023-03-23 09:38:32,983 INFO    SenderThread:157213 [sender.py:send_request_defer():583] handle sender defer: 8
2023-03-23 09:38:32,984 INFO    SenderThread:157213 [sender.py:transition_state():587] send defer: 9
2023-03-23 09:38:32,984 DEBUG   HandlerThread:157213 [handler.py:handle_request():144] handle_request: defer
2023-03-23 09:38:32,984 INFO    HandlerThread:157213 [handler.py:handle_request_defer():170] handle defer: 9
2023-03-23 09:38:32,985 DEBUG   SenderThread:157213 [sender.py:send_request():363] send_request: defer
2023-03-23 09:38:32,985 INFO    SenderThread:157213 [sender.py:send_request_defer():583] handle sender defer: 9
2023-03-23 09:38:32,985 INFO    SenderThread:157213 [dir_watcher.py:finish():365] shutting down directory watcher
2023-03-23 09:38:33,168 DEBUG   HandlerThread:157213 [handler.py:handle_request():144] handle_request: poll_exit
2023-03-23 09:38:33,557 INFO    SenderThread:157213 [dir_watcher.py:_on_file_modified():295] file/dir modified: /home/tcotts/Documents/uni-work/year4/DMA/cw/wandb/run-20230323_093636-2g8phaxt/files/output.log
2023-03-23 09:38:33,558 INFO    SenderThread:157213 [dir_watcher.py:finish():395] scan: /home/tcotts/Documents/uni-work/year4/DMA/cw/wandb/run-20230323_093636-2g8phaxt/files
2023-03-23 09:38:33,559 INFO    SenderThread:157213 [dir_watcher.py:finish():409] scan save: /home/tcotts/Documents/uni-work/year4/DMA/cw/wandb/run-20230323_093636-2g8phaxt/files/config.yaml config.yaml
2023-03-23 09:38:33,559 INFO    SenderThread:157213 [dir_watcher.py:finish():409] scan save: /home/tcotts/Documents/uni-work/year4/DMA/cw/wandb/run-20230323_093636-2g8phaxt/files/output.log output.log
2023-03-23 09:38:33,570 INFO    SenderThread:157213 [dir_watcher.py:finish():409] scan save: /home/tcotts/Documents/uni-work/year4/DMA/cw/wandb/run-20230323_093636-2g8phaxt/files/wandb-metadata.json wandb-metadata.json
2023-03-23 09:38:33,571 INFO    SenderThread:157213 [dir_watcher.py:finish():409] scan save: /home/tcotts/Documents/uni-work/year4/DMA/cw/wandb/run-20230323_093636-2g8phaxt/files/wandb-summary.json wandb-summary.json
2023-03-23 09:38:33,582 INFO    SenderThread:157213 [dir_watcher.py:finish():409] scan save: /home/tcotts/Documents/uni-work/year4/DMA/cw/wandb/run-20230323_093636-2g8phaxt/files/requirements.txt requirements.txt
2023-03-23 09:38:33,583 INFO    SenderThread:157213 [sender.py:transition_state():587] send defer: 10
2023-03-23 09:38:33,589 DEBUG   SenderThread:157213 [sender.py:send_request():363] send_request: poll_exit
2023-03-23 09:38:33,590 DEBUG   HandlerThread:157213 [handler.py:handle_request():144] handle_request: defer
2023-03-23 09:38:33,591 INFO    HandlerThread:157213 [handler.py:handle_request_defer():170] handle defer: 10
2023-03-23 09:38:33,596 DEBUG   SenderThread:157213 [sender.py:send_request():363] send_request: defer
2023-03-23 09:38:33,597 INFO    SenderThread:157213 [sender.py:send_request_defer():583] handle sender defer: 10
2023-03-23 09:38:33,597 INFO    SenderThread:157213 [file_pusher.py:finish():164] shutting down file pusher
2023-03-23 09:38:33,754 ERROR   Thread-48 :157213 [step_upload.py:_handle_event():141] Failed to upload file: /home/tcotts/Documents/uni-work/year4/DMA/cw/wandb/run-20230323_093636-2g8phaxt/files/config.yaml
Traceback (most recent call last):
  File "/home/tcotts/.local/lib/python3.8/site-packages/wandb/apis/normalize.py", line 25, in wrapper
    return func(*args, **kwargs)
  File "/home/tcotts/.local/lib/python3.8/site-packages/wandb/sdk/internal/internal_api.py", line 1833, in upload_urls
    run_obj = query_result["model"]["bucket"]
TypeError: 'NoneType' object is not subscriptable

During handling of the above exception, another exception occurred:

Traceback (most recent call last):
  File "/usr/lib/python3.8/concurrent/futures/thread.py", line 57, in run
    result = self.fn(*self.args, **self.kwargs)
  File "/home/tcotts/.local/lib/python3.8/site-packages/wandb/filesync/step_upload.py", line 234, in run_and_notify
    job.run()
  File "/home/tcotts/.local/lib/python3.8/site-packages/wandb/filesync/upload_job.py", line 62, in run
    self.push()
  File "/home/tcotts/.local/lib/python3.8/site-packages/wandb/filesync/upload_job.py", line 113, in push
    _, upload_headers, result = self._api.upload_urls(project, [self.save_name])
  File "/home/tcotts/.local/lib/python3.8/site-packages/wandb/apis/normalize.py", line 65, in wrapper
    raise CommError(message, err).with_traceback(sys.exc_info()[2])
  File "/home/tcotts/.local/lib/python3.8/site-packages/wandb/apis/normalize.py", line 25, in wrapper
    return func(*args, **kwargs)
  File "/home/tcotts/.local/lib/python3.8/site-packages/wandb/sdk/internal/internal_api.py", line 1833, in upload_urls
    run_obj = query_result["model"]["bucket"]
wandb.errors.CommError: 'NoneType' object is not subscriptable
2023-03-23 09:38:33,765 ERROR   Thread-48 :157213 [step_upload.py:_handle_event():141] Failed to upload file: /home/tcotts/Documents/uni-work/year4/DMA/cw/wandb/run-20230323_093636-2g8phaxt/files/output.log
Traceback (most recent call last):
  File "/home/tcotts/.local/lib/python3.8/site-packages/wandb/apis/normalize.py", line 25, in wrapper
    return func(*args, **kwargs)
  File "/home/tcotts/.local/lib/python3.8/site-packages/wandb/sdk/internal/internal_api.py", line 1833, in upload_urls
    run_obj = query_result["model"]["bucket"]
TypeError: 'NoneType' object is not subscriptable

During handling of the above exception, another exception occurred:

Traceback (most recent call last):
  File "/usr/lib/python3.8/concurrent/futures/thread.py", line 57, in run
    result = self.fn(*self.args, **self.kwargs)
  File "/home/tcotts/.local/lib/python3.8/site-packages/wandb/filesync/step_upload.py", line 234, in run_and_notify
    job.run()
  File "/home/tcotts/.local/lib/python3.8/site-packages/wandb/filesync/upload_job.py", line 62, in run
    self.push()
  File "/home/tcotts/.local/lib/python3.8/site-packages/wandb/filesync/upload_job.py", line 113, in push
    _, upload_headers, result = self._api.upload_urls(project, [self.save_name])
  File "/home/tcotts/.local/lib/python3.8/site-packages/wandb/apis/normalize.py", line 65, in wrapper
    raise CommError(message, err).with_traceback(sys.exc_info()[2])
  File "/home/tcotts/.local/lib/python3.8/site-packages/wandb/apis/normalize.py", line 25, in wrapper
    return func(*args, **kwargs)
  File "/home/tcotts/.local/lib/python3.8/site-packages/wandb/sdk/internal/internal_api.py", line 1833, in upload_urls
    run_obj = query_result["model"]["bucket"]
wandb.errors.CommError: 'NoneType' object is not subscriptable
2023-03-23 09:38:33,767 ERROR   Thread-48 :157213 [step_upload.py:_handle_event():141] Failed to upload file: /home/tcotts/Documents/uni-work/year4/DMA/cw/wandb/run-20230323_093636-2g8phaxt/files/requirements.txt
Traceback (most recent call last):
  File "/home/tcotts/.local/lib/python3.8/site-packages/wandb/apis/normalize.py", line 25, in wrapper
    return func(*args, **kwargs)
  File "/home/tcotts/.local/lib/python3.8/site-packages/wandb/sdk/internal/internal_api.py", line 1833, in upload_urls
    run_obj = query_result["model"]["bucket"]
TypeError: 'NoneType' object is not subscriptable

During handling of the above exception, another exception occurred:

Traceback (most recent call last):
  File "/usr/lib/python3.8/concurrent/futures/thread.py", line 57, in run
    result = self.fn(*self.args, **self.kwargs)
  File "/home/tcotts/.local/lib/python3.8/site-packages/wandb/filesync/step_upload.py", line 234, in run_and_notify
    job.run()
  File "/home/tcotts/.local/lib/python3.8/site-packages/wandb/filesync/upload_job.py", line 62, in run
    self.push()
  File "/home/tcotts/.local/lib/python3.8/site-packages/wandb/filesync/upload_job.py", line 113, in push
    _, upload_headers, result = self._api.upload_urls(project, [self.save_name])
  File "/home/tcotts/.local/lib/python3.8/site-packages/wandb/apis/normalize.py", line 65, in wrapper
    raise CommError(message, err).with_traceback(sys.exc_info()[2])
  File "/home/tcotts/.local/lib/python3.8/site-packages/wandb/apis/normalize.py", line 25, in wrapper
    return func(*args, **kwargs)
  File "/home/tcotts/.local/lib/python3.8/site-packages/wandb/sdk/internal/internal_api.py", line 1833, in upload_urls
    run_obj = query_result["model"]["bucket"]
wandb.errors.CommError: 'NoneType' object is not subscriptable
2023-03-23 09:38:33,771 ERROR   Thread-48 :157213 [step_upload.py:_handle_event():141] Failed to upload file: /home/tcotts/Documents/uni-work/year4/DMA/cw/wandb/run-20230323_093636-2g8phaxt/files/wandb-summary.json
Traceback (most recent call last):
  File "/home/tcotts/.local/lib/python3.8/site-packages/wandb/apis/normalize.py", line 25, in wrapper
    return func(*args, **kwargs)
  File "/home/tcotts/.local/lib/python3.8/site-packages/wandb/sdk/internal/internal_api.py", line 1833, in upload_urls
    run_obj = query_result["model"]["bucket"]
TypeError: 'NoneType' object is not subscriptable

During handling of the above exception, another exception occurred:

Traceback (most recent call last):
  File "/usr/lib/python3.8/concurrent/futures/thread.py", line 57, in run
    result = self.fn(*self.args, **self.kwargs)
  File "/home/tcotts/.local/lib/python3.8/site-packages/wandb/filesync/step_upload.py", line 234, in run_and_notify
    job.run()
  File "/home/tcotts/.local/lib/python3.8/site-packages/wandb/filesync/upload_job.py", line 62, in run
    self.push()
  File "/home/tcotts/.local/lib/python3.8/site-packages/wandb/filesync/upload_job.py", line 113, in push
    _, upload_headers, result = self._api.upload_urls(project, [self.save_name])
  File "/home/tcotts/.local/lib/python3.8/site-packages/wandb/apis/normalize.py", line 65, in wrapper
    raise CommError(message, err).with_traceback(sys.exc_info()[2])
  File "/home/tcotts/.local/lib/python3.8/site-packages/wandb/apis/normalize.py", line 25, in wrapper
    return func(*args, **kwargs)
  File "/home/tcotts/.local/lib/python3.8/site-packages/wandb/sdk/internal/internal_api.py", line 1833, in upload_urls
    run_obj = query_result["model"]["bucket"]
wandb.errors.CommError: 'NoneType' object is not subscriptable
2023-03-23 09:38:33,972 INFO    Thread-48 :157213 [sender.py:transition_state():587] send defer: 11
2023-03-23 09:38:33,972 DEBUG   HandlerThread:157213 [handler.py:handle_request():144] handle_request: defer
2023-03-23 09:38:33,973 INFO    HandlerThread:157213 [handler.py:handle_request_defer():170] handle defer: 11
2023-03-23 09:38:33,973 DEBUG   SenderThread:157213 [sender.py:send_request():363] send_request: defer
2023-03-23 09:38:33,973 INFO    SenderThread:157213 [sender.py:send_request_defer():583] handle sender defer: 11
2023-03-23 09:38:33,973 INFO    SenderThread:157213 [file_pusher.py:join():169] waiting for file pusher
2023-03-23 09:38:33,973 INFO    SenderThread:157213 [sender.py:transition_state():587] send defer: 12
2023-03-23 09:38:33,973 DEBUG   HandlerThread:157213 [handler.py:handle_request():144] handle_request: defer
2023-03-23 09:38:33,973 INFO    HandlerThread:157213 [handler.py:handle_request_defer():170] handle defer: 12
2023-03-23 09:38:33,973 DEBUG   SenderThread:157213 [sender.py:send_request():363] send_request: defer
2023-03-23 09:38:33,973 INFO    SenderThread:157213 [sender.py:send_request_defer():583] handle sender defer: 12
2023-03-23 09:38:34,149 ERROR   FileStreamThread:157213 [file_stream.py:_thread_except_body():496] generic exception in filestream thread
Traceback (most recent call last):
  File "/home/tcotts/.local/lib/python3.8/site-packages/wandb/sdk/internal/file_stream.py", line 492, in _thread_except_body
    self._thread_body()
  File "/home/tcotts/.local/lib/python3.8/site-packages/wandb/sdk/internal/file_stream.py", line 448, in _thread_body
    success = self._send(ready_chunks, uploaded=uploaded)
  File "/home/tcotts/.local/lib/python3.8/site-packages/wandb/sdk/internal/file_stream.py", line 537, in _send
    self._handle_response(
  File "/home/tcotts/.local/lib/python3.8/site-packages/wandb/sdk/internal/file_stream.py", line 503, in _handle_response
    wandb.termerror(
  File "/home/tcotts/.local/lib/python3.8/site-packages/wandb/errors/term.py", line 61, in termerror
    _log(
  File "/home/tcotts/.local/lib/python3.8/site-packages/wandb/errors/term.py", line 95, in _log
    click.echo(line, file=sys.stderr, nl=newline)
  File "/home/tcotts/.local/lib/python3.8/site-packages/click/utils.py", line 300, in echo
    file.flush()
BrokenPipeError: [Errno 32] Broken pipe
2023-03-23 09:38:34,170 DEBUG   HandlerThread:157213 [handler.py:handle_request():144] handle_request: poll_exit
2023-03-23 09:38:35,035 WARNING StreamThr :157213 [internal.py:is_dead():415] Internal process exiting, parent pid 155893 disappeared
2023-03-23 09:38:35,035 ERROR   StreamThr :157213 [internal.py:wandb_internal():153] Internal process shutdown.
2023-03-23 09:38:35,171 INFO    HandlerThread:157213 [handler.py:finish():842] shutting down handler
2023-03-23 09:38:35,171 INFO    WriterThread:157213 [datastore.py:close():298] close: /home/tcotts/Documents/uni-work/year4/DMA/cw/wandb/run-20230323_093636-2g8phaxt/run-2g8phaxt.wandb
2023-03-23 09:38:36,159 ERROR   SenderThread:157213 [file_stream.py:finish():601] FileStream exception
Traceback (most recent call last):
  File "/home/tcotts/.local/lib/python3.8/site-packages/wandb/sdk/internal/file_stream.py", line 492, in _thread_except_body
    self._thread_body()
  File "/home/tcotts/.local/lib/python3.8/site-packages/wandb/sdk/internal/file_stream.py", line 448, in _thread_body
    success = self._send(ready_chunks, uploaded=uploaded)
  File "/home/tcotts/.local/lib/python3.8/site-packages/wandb/sdk/internal/file_stream.py", line 537, in _send
    self._handle_response(
  File "/home/tcotts/.local/lib/python3.8/site-packages/wandb/sdk/internal/file_stream.py", line 503, in _handle_response
    wandb.termerror(
  File "/home/tcotts/.local/lib/python3.8/site-packages/wandb/errors/term.py", line 61, in termerror
    _log(
  File "/home/tcotts/.local/lib/python3.8/site-packages/wandb/errors/term.py", line 95, in _log
    click.echo(line, file=sys.stderr, nl=newline)
  File "/home/tcotts/.local/lib/python3.8/site-packages/click/utils.py", line 300, in echo
    file.flush()
BrokenPipeError: [Errno 32] Broken pipe
2023-03-23 09:38:36,160 ERROR   StreamThr :157213 [internal.py:wandb_internal():175] Thread SenderThread:
Traceback (most recent call last):
  File "/home/tcotts/.local/lib/python3.8/site-packages/wandb/sdk/internal/internal_util.py", line 49, in run
    self._run()
  File "/home/tcotts/.local/lib/python3.8/site-packages/wandb/sdk/internal/internal_util.py", line 100, in _run
    self._process(record)
  File "/home/tcotts/.local/lib/python3.8/site-packages/wandb/sdk/internal/internal.py", line 329, in _process
    self._sm.send(record)
  File "/home/tcotts/.local/lib/python3.8/site-packages/wandb/sdk/internal/sender.py", line 343, in send
    send_handler(record)
  File "/home/tcotts/.local/lib/python3.8/site-packages/wandb/sdk/internal/sender.py", line 365, in send_request
    send_handler(record)
  File "/home/tcotts/.local/lib/python3.8/site-packages/wandb/sdk/internal/sender.py", line 638, in send_request_defer
    self._fs.finish(self._exit_code)
  File "/home/tcotts/.local/lib/python3.8/site-packages/wandb/sdk/internal/file_stream.py", line 604, in finish
    raise self._exc_info[1].with_traceback(self._exc_info[2])
  File "/home/tcotts/.local/lib/python3.8/site-packages/wandb/sdk/internal/file_stream.py", line 492, in _thread_except_body
    self._thread_body()
  File "/home/tcotts/.local/lib/python3.8/site-packages/wandb/sdk/internal/file_stream.py", line 448, in _thread_body
    success = self._send(ready_chunks, uploaded=uploaded)
  File "/home/tcotts/.local/lib/python3.8/site-packages/wandb/sdk/internal/file_stream.py", line 537, in _send
    self._handle_response(
  File "/home/tcotts/.local/lib/python3.8/site-packages/wandb/sdk/internal/file_stream.py", line 503, in _handle_response
    wandb.termerror(
  File "/home/tcotts/.local/lib/python3.8/site-packages/wandb/errors/term.py", line 61, in termerror
    _log(
  File "/home/tcotts/.local/lib/python3.8/site-packages/wandb/errors/term.py", line 95, in _log
    click.echo(line, file=sys.stderr, nl=newline)
  File "/home/tcotts/.local/lib/python3.8/site-packages/click/utils.py", line 300, in echo
    file.flush()
BrokenPipeError: [Errno 32] Broken pipe
